15:12:33.264 Watching directory: /Users/nagendraa/git1/guruland/tests/AssurityProject/specs
15:12:33.265 Initializing concepts cache with 0 concepts
15:12:33.267 Found 2 files
15:12:33.269 Initializing specs cache with 2 specs
15:12:33.269 Adding specs from /Users/nagendraa/git1/guruland/tests/AssurityProject/specs/example.spec
15:12:33.269 Adding specs from /Users/nagendraa/git1/guruland/tests/AssurityProject/specs/AssurityTest.spec
15:12:33.269 Initializing steps cache with 2 steps
15:14:06.157 Api Request Received: messageType:GetStepValueRequest messageId:4 stepValueRequest:<stepText:"I make a call to <API_Name> with endpoint <API_EndPoint>" > 
15:14:06.157 Sending API response: messageType:GetStepValueResponse messageId:4 stepValueResponse:<stepValue:<stepValue:"I make a call to {} with endpoint {}" parameterizedStepValue:"I make a call to <API_Name> with endpoint <API_EndPoint>" parameters:"API_Name" parameters:"API_EndPoint" > > 
15:14:06.238 Api Request Received: messageType:GetStepValueRequest messageId:4 stepValueRequest:<stepText:"When I found the API is working well with out any error" > 
15:14:06.238 Sending API response: messageType:GetStepValueResponse messageId:4 stepValueResponse:<stepValue:<stepValue:"When I found the API is working well with out any error" parameterizedStepValue:"When I found the API is working well with out any error" > > 
15:14:06.420 Api Request Received: messageType:GetStepValueRequest messageId:4 stepValueRequest:<stepText:"Then I see the attribute \"category name\" is \"Carbon credits\"" > 
15:14:06.420 Sending API response: messageType:GetStepValueResponse messageId:4 stepValueResponse:<stepValue:<stepValue:"Then I see the attribute {} is {}" parameterizedStepValue:"Then I see the attribute <category name> is <Carbon credits>" parameters:"category name" parameters:"Carbon credits" > > 
15:14:06.574 Api Request Received: messageType:GetStepValueRequest messageId:4 stepValueRequest:<stepText:"And I see the attribute \"canRelist\" is \"true\"" > 
15:14:06.574 Sending API response: messageType:GetStepValueResponse messageId:4 stepValueResponse:<stepValue:<stepValue:"And I see the attribute {} is {}" parameterizedStepValue:"And I see the attribute <canRelist> is <true>" parameters:"canRelist" parameters:"true" > > 
15:14:06.729 Api Request Received: messageType:GetStepValueRequest messageId:4 stepValueRequest:<stepText:"And I check the promotions with name \"Gallery\" has a description and the description contains \"2x larger image\"" > 
15:14:06.729 Sending API response: messageType:GetStepValueResponse messageId:4 stepValueResponse:<stepValue:<stepValue:"And I check the promotions with name {} has a description and the description contains {}" parameterizedStepValue:"And I check the promotions with name <Gallery> has a description and the description contains <2x larger image>" parameters:"Gallery" parameters:"2x larger image" > > 
15:17:25.109 Api Request Received: messageType:GetStepValueRequest messageId:4 stepValueRequest:<stepText:"Open the Gauge homepage" > 
15:17:25.109 Sending API response: messageType:GetStepValueResponse messageId:4 stepValueResponse:<stepValue:<stepValue:"Open the Gauge homepage" parameterizedStepValue:"Open the Gauge homepage" > > 
15:17:25.109 Api Request Received: messageType:GetStepValueRequest messageId:4 stepValueRequest:<stepText:"Ensure installation instructions are available" > 
15:17:25.110 Sending API response: messageType:GetStepValueResponse messageId:4 stepValueResponse:<stepValue:<stepValue:"Ensure installation instructions are available" parameterizedStepValue:"Ensure installation instructions are available" > > 
15:17:25.110 Api Request Received: messageType:GetStepValueRequest messageId:4 stepValueRequest:<stepText:"Go to Gauge Get Started Page" > 
15:17:25.110 Sending API response: messageType:GetStepValueResponse messageId:4 stepValueResponse:<stepValue:<stepValue:"Go to Gauge Get Started Page" parameterizedStepValue:"Go to Gauge Get Started Page" > > 
15:18:08.008 Api Request Received: messageType:GetStepValueRequest messageId:4 stepValueRequest:<stepText:"Then I see the attribute <category name> is <Carbon credits>" > 
15:18:08.008 Sending API response: messageType:GetStepValueResponse messageId:4 stepValueResponse:<stepValue:<stepValue:"Then I see the attribute {} is {}" parameterizedStepValue:"Then I see the attribute <category name> is <Carbon credits>" parameters:"category name" parameters:"Carbon credits" > > 
15:18:17.815 Api Request Received: messageType:GetStepValueRequest messageId:4 stepValueRequest:<stepText:"And I see the attribute <canRelist> is <true>" > 
15:18:17.815 Sending API response: messageType:GetStepValueResponse messageId:4 stepValueResponse:<stepValue:<stepValue:"And I see the attribute {} is {}" parameterizedStepValue:"And I see the attribute <canRelist> is <true>" parameters:"canRelist" parameters:"true" > > 
15:18:24.681 Api Request Received: messageType:GetStepValueRequest messageId:4 stepValueRequest:<stepText:"And I check the promotions with name <Gallery> has a description and the description contains <2x larger image>" > 
15:18:24.681 Sending API response: messageType:GetStepValueResponse messageId:4 stepValueResponse:<stepValue:<stepValue:"And I check the promotions with name {} has a description and the description contains {}" parameterizedStepValue:"And I check the promotions with name <Gallery> has a description and the description contains <2x larger image>" parameters:"Gallery" parameters:"2x larger image" > > 
17:24:22.123 Api Request Received: messageType:GetStepValueRequest messageId:4 stepValueRequest:<stepText:"Then I see the attribute \"category name\" is \"Carbon creits\"" > 
17:24:22.124 Sending API response: messageType:GetStepValueResponse messageId:4 stepValueResponse:<stepValue:<stepValue:"Then I see the attribute {} is {}" parameterizedStepValue:"Then I see the attribute <category name> is <Carbon creits>" parameters:"category name" parameters:"Carbon creits" > > 
17:24:22.235 Spec file removed: /Users/nagendraa/git1/guruland/tests/AssurityProject/specs/AssurityTest.spec
17:24:22.235 Spec file added / modified: /Users/nagendraa/git1/guruland/tests/AssurityProject/specs/AssurityTest.spec
17:25:52.230 Api Request Received: messageType:GetStepValueRequest messageId:4 stepValueRequest:<stepText:"Then I see the attribute \"Name\" is \"Carbon creits\"" > 
17:25:52.230 Sending API response: messageType:GetStepValueResponse messageId:4 stepValueResponse:<stepValue:<stepValue:"Then I see the attribute {} is {}" parameterizedStepValue:"Then I see the attribute <Name> is <Carbon creits>" parameters:"Name" parameters:"Carbon creits" > > 
17:25:52.550 Spec file removed: /Users/nagendraa/git1/guruland/tests/AssurityProject/specs/AssurityTest.spec
17:25:52.550 Spec file added / modified: /Users/nagendraa/git1/guruland/tests/AssurityProject/specs/AssurityTest.spec
17:33:52.626 Api Request Received: messageType:GetStepValueRequest messageId:4 stepValueRequest:<stepText:"Then I see the attribute \"Name\" is \"Carbon credits\"" > 
17:33:52.626 Sending API response: messageType:GetStepValueResponse messageId:4 stepValueResponse:<stepValue:<stepValue:"Then I see the attribute {} is {}" parameterizedStepValue:"Then I see the attribute <Name> is <Carbon credits>" parameters:"Name" parameters:"Carbon credits" > > 
17:33:53.377 Spec file removed: /Users/nagendraa/git1/guruland/tests/AssurityProject/specs/AssurityTest.spec
17:33:53.377 Spec file added / modified: /Users/nagendraa/git1/guruland/tests/AssurityProject/specs/AssurityTest.spec
17:33:55.533 Api Request Received: messageType:GetStepValueRequest messageId:4 stepValueRequest:<stepText:"And I see the attribute \"canRelist\" is \"fal\"" > 
17:33:55.533 Sending API response: messageType:GetStepValueResponse messageId:4 stepValueResponse:<stepValue:<stepValue:"And I see the attribute {} is {}" parameterizedStepValue:"And I see the attribute <canRelist> is <fal>" parameters:"canRelist" parameters:"fal" > > 
17:33:56.026 Api Request Received: messageType:GetStepValueRequest messageId:4 stepValueRequest:<stepText:"And I see the attribute \"canRelist\" is \"false\"" > 
17:33:56.026 Sending API response: messageType:GetStepValueResponse messageId:4 stepValueResponse:<stepValue:<stepValue:"And I see the attribute {} is {}" parameterizedStepValue:"And I see the attribute <canRelist> is <false>" parameters:"canRelist" parameters:"false" > > 
17:33:56.536 Spec file removed: /Users/nagendraa/git1/guruland/tests/AssurityProject/specs/AssurityTest.spec
17:33:56.537 Spec file added / modified: /Users/nagendraa/git1/guruland/tests/AssurityProject/specs/AssurityTest.spec
17:35:26.450 Api Request Received: messageType:GetStepValueRequest messageId:4 stepValueRequest:<stepText:"And I see the attribute \"CanRelist\" is \"false\"" > 
17:35:26.450 Sending API response: messageType:GetStepValueResponse messageId:4 stepValueResponse:<stepValue:<stepValue:"And I see the attribute {} is {}" parameterizedStepValue:"And I see the attribute <CanRelist> is <false>" parameters:"CanRelist" parameters:"false" > > 
17:35:27.152 Spec file removed: /Users/nagendraa/git1/guruland/tests/AssurityProject/specs/AssurityTest.spec
17:35:27.152 Spec file added / modified: /Users/nagendraa/git1/guruland/tests/AssurityProject/specs/AssurityTest.spec
17:35:55.783 Api Request Received: messageType:GetStepValueRequest messageId:4 stepValueRequest:<stepText:"And I see the attribute \"CanRelist\" is \"tr\"" > 
17:35:55.783 Sending API response: messageType:GetStepValueResponse messageId:4 stepValueResponse:<stepValue:<stepValue:"And I see the attribute {} is {}" parameterizedStepValue:"And I see the attribute <CanRelist> is <tr>" parameters:"CanRelist" parameters:"tr" > > 
17:35:56.087 Api Request Received: messageType:GetStepValueRequest messageId:4 stepValueRequest:<stepText:"And I see the attribute \"CanRelist\" is \"true\"" > 
17:35:56.088 Sending API response: messageType:GetStepValueResponse messageId:4 stepValueResponse:<stepValue:<stepValue:"And I see the attribute {} is {}" parameterizedStepValue:"And I see the attribute <CanRelist> is <true>" parameters:"CanRelist" parameters:"true" > > 
17:35:56.598 Spec file removed: /Users/nagendraa/git1/guruland/tests/AssurityProject/specs/AssurityTest.spec
17:35:56.598 Spec file added / modified: /Users/nagendraa/git1/guruland/tests/AssurityProject/specs/AssurityTest.spec
17:36:04.024 Api Request Received: messageType:GetStepValueRequest messageId:4 stepValueRequest:<stepText:"And I check the promotions with name \"Galley\" has a description and the description contains \"2x larger image\"" > 
17:36:04.024 Sending API response: messageType:GetStepValueResponse messageId:4 stepValueResponse:<stepValue:<stepValue:"And I check the promotions with name {} has a description and the description contains {}" parameterizedStepValue:"And I check the promotions with name <Galley> has a description and the description contains <2x larger image>" parameters:"Galley" parameters:"2x larger image" > > 
17:36:04.166 Spec file removed: /Users/nagendraa/git1/guruland/tests/AssurityProject/specs/AssurityTest.spec
17:36:04.166 Spec file added / modified: /Users/nagendraa/git1/guruland/tests/AssurityProject/specs/AssurityTest.spec
17:38:59.268 Spec file removed: /Users/nagendraa/git1/guruland/tests/AssurityProject/specs/AssurityTest.spec
17:38:59.268 Spec file added / modified: /Users/nagendraa/git1/guruland/tests/AssurityProject/specs/AssurityTest.spec
17:39:03.701 Api Request Received: messageType:GetStepValueRequest messageId:4 stepValueRequest:<stepText:"And I check the promotions with name \"Gallery\" has a description and the description contains \"2x large image\"" > 
17:39:03.701 Sending API response: messageType:GetStepValueResponse messageId:4 stepValueResponse:<stepValue:<stepValue:"And I check the promotions with name {} has a description and the description contains {}" parameterizedStepValue:"And I check the promotions with name <Gallery> has a description and the description contains <2x large image>" parameters:"Gallery" parameters:"2x large image" > > 
17:39:03.816 Spec file removed: /Users/nagendraa/git1/guruland/tests/AssurityProject/specs/AssurityTest.spec
17:39:03.816 Spec file added / modified: /Users/nagendraa/git1/guruland/tests/AssurityProject/specs/AssurityTest.spec
17:39:36.189 Spec file removed: /Users/nagendraa/git1/guruland/tests/AssurityProject/specs/AssurityTest.spec
17:39:36.189 Spec file added / modified: /Users/nagendraa/git1/guruland/tests/AssurityProject/specs/AssurityTest.spec
18:06:40.863 Api Request Received: messageType:GetStepValueRequest messageId:4 stepValueRequest:<stepText:"Then I see the attribute <A> is <Carbon credits>" > 
18:06:40.863 Sending API response: messageType:GetStepValueResponse messageId:4 stepValueResponse:<stepValue:<stepValue:"Then I see the attribute {} is {}" parameterizedStepValue:"Then I see the attribute <A> is <Carbon credits>" parameters:"A" parameters:"Carbon credits" > > 
18:06:41.339 Api Request Received: messageType:GetStepValueRequest messageId:4 stepValueRequest:<stepText:"Then I see the attribute <Attr> is <Carbon credits>" > 
18:06:41.339 Sending API response: messageType:GetStepValueResponse messageId:4 stepValueResponse:<stepValue:<stepValue:"Then I see the attribute {} is {}" parameterizedStepValue:"Then I see the attribute <Attr> is <Carbon credits>" parameters:"Attr" parameters:"Carbon credits" > > 
18:06:41.858 Api Request Received: messageType:GetStepValueRequest messageId:4 stepValueRequest:<stepText:"Then I see the attribute <Attrib> is <Carbon credits>" > 
18:06:41.858 Sending API response: messageType:GetStepValueResponse messageId:4 stepValueResponse:<stepValue:<stepValue:"Then I see the attribute {} is {}" parameterizedStepValue:"Then I see the attribute <Attrib> is <Carbon credits>" parameters:"Attrib" parameters:"Carbon credits" > > 
18:06:42.238 Api Request Received: messageType:GetStepValueRequest messageId:4 stepValueRequest:<stepText:"Then I see the attribute <Attribute> is <Carbon credits>" > 
18:06:42.238 Sending API response: messageType:GetStepValueResponse messageId:4 stepValueResponse:<stepValue:<stepValue:"Then I see the attribute {} is {}" parameterizedStepValue:"Then I see the attribute <Attribute> is <Carbon credits>" parameters:"Attribute" parameters:"Carbon credits" > > 
18:06:46.361 Api Request Received: messageType:GetStepValueRequest messageId:4 stepValueRequest:<stepText:"And I see the attribute <Attribute> is <true>" > 
18:06:46.361 Sending API response: messageType:GetStepValueResponse messageId:4 stepValueResponse:<stepValue:<stepValue:"And I see the attribute {} is {}" parameterizedStepValue:"And I see the attribute <Attribute> is <true>" parameters:"Attribute" parameters:"true" > > 
18:06:48.277 Api Request Received: messageType:GetStepValueRequest messageId:4 stepValueRequest:<stepText:"And I see the attribute <Attribute> is <val>" > 
18:06:48.277 Sending API response: messageType:GetStepValueResponse messageId:4 stepValueResponse:<stepValue:<stepValue:"And I see the attribute {} is {}" parameterizedStepValue:"And I see the attribute <Attribute> is <val>" parameters:"Attribute" parameters:"val" > > 
18:06:48.725 Api Request Received: messageType:GetStepValueRequest messageId:4 stepValueRequest:<stepText:"And I see the attribute <Attribute> is <value>" > 
18:06:48.725 Sending API response: messageType:GetStepValueResponse messageId:4 stepValueResponse:<stepValue:<stepValue:"And I see the attribute {} is {}" parameterizedStepValue:"And I see the attribute <Attribute> is <value>" parameters:"Attribute" parameters:"value" > > 
18:06:53.974 Api Request Received: messageType:GetStepValueRequest messageId:4 stepValueRequest:<stepText:"Then I see the attribute <Attribute> is <value>" > 
18:06:53.974 Sending API response: messageType:GetStepValueResponse messageId:4 stepValueResponse:<stepValue:<stepValue:"Then I see the attribute {} is {}" parameterizedStepValue:"Then I see the attribute <Attribute> is <value>" parameters:"Attribute" parameters:"value" > > 
18:07:03.051 Api Request Received: messageType:GetStepValueRequest messageId:4 stepValueRequest:<stepText:"And I check the promotions with name <pr> has a description and the description contains <2x larger image>" > 
18:07:03.051 Sending API response: messageType:GetStepValueResponse messageId:4 stepValueResponse:<stepValue:<stepValue:"And I check the promotions with name {} has a description and the description contains {}" parameterizedStepValue:"And I check the promotions with name <pr> has a description and the description contains <2x larger image>" parameters:"pr" parameters:"2x larger image" > > 
18:07:03.432 Api Request Received: messageType:GetStepValueRequest messageId:4 stepValueRequest:<stepText:"And I check the promotions with name <promo> has a description and the description contains <2x larger image>" > 
18:07:03.432 Sending API response: messageType:GetStepValueResponse messageId:4 stepValueResponse:<stepValue:<stepValue:"And I check the promotions with name {} has a description and the description contains {}" parameterizedStepValue:"And I check the promotions with name <promo> has a description and the description contains <2x larger image>" parameters:"promo" parameters:"2x larger image" > > 
18:07:03.985 Api Request Received: messageType:GetStepValueRequest messageId:4 stepValueRequest:<stepText:"And I check the promotions with name <promoti> has a description and the description contains <2x larger image>" > 
18:07:03.985 Sending API response: messageType:GetStepValueResponse messageId:4 stepValueResponse:<stepValue:<stepValue:"And I check the promotions with name {} has a description and the description contains {}" parameterizedStepValue:"And I check the promotions with name <promoti> has a description and the description contains <2x larger image>" parameters:"promoti" parameters:"2x larger image" > > 
18:07:03.992 Api Request Received: messageType:GetStepValueRequest messageId:4 stepValueRequest:<stepText:"And I check the promotions with name <promoti> has a description and the description contains <2x larger image>" > 
18:07:03.992 Sending API response: messageType:GetStepValueResponse messageId:4 stepValueResponse:<stepValue:<stepValue:"And I check the promotions with name {} has a description and the description contains {}" parameterizedStepValue:"And I check the promotions with name <promoti> has a description and the description contains <2x larger image>" parameters:"promoti" parameters:"2x larger image" > > 
18:07:04.329 Api Request Received: messageType:GetStepValueRequest messageId:4 stepValueRequest:<stepText:"And I check the promotions with name <promotion> has a description and the description contains <2x larger image>" > 
18:07:04.329 Sending API response: messageType:GetStepValueResponse messageId:4 stepValueResponse:<stepValue:<stepValue:"And I check the promotions with name {} has a description and the description contains {}" parameterizedStepValue:"And I check the promotions with name <promotion> has a description and the description contains <2x larger image>" parameters:"promotion" parameters:"2x larger image" > > 
18:07:04.793 Api Request Received: messageType:GetStepValueRequest messageId:4 stepValueRequest:<stepText:"And I check the promotions with name <promotionNam> has a description and the description contains <2x larger image>" > 
18:07:04.793 Sending API response: messageType:GetStepValueResponse messageId:4 stepValueResponse:<stepValue:<stepValue:"And I check the promotions with name {} has a description and the description contains {}" parameterizedStepValue:"And I check the promotions with name <promotionNam> has a description and the description contains <2x larger image>" parameters:"promotionNam" parameters:"2x larger image" > > 
18:07:05.210 Api Request Received: messageType:GetStepValueRequest messageId:4 stepValueRequest:<stepText:"And I check the promotions with name <promotionName> has a description and the description contains <2x larger image>" > 
18:07:05.210 Sending API response: messageType:GetStepValueResponse messageId:4 stepValueResponse:<stepValue:<stepValue:"And I check the promotions with name {} has a description and the description contains {}" parameterizedStepValue:"And I check the promotions with name <promotionName> has a description and the description contains <2x larger image>" parameters:"promotionName" parameters:"2x larger image" > > 
18:07:09.690 Api Request Received: messageType:GetStepValueRequest messageId:4 stepValueRequest:<stepText:"And I check the promotions with name <promotionName> has a description and the description contains <ex>" > 
18:07:09.690 Sending API response: messageType:GetStepValueResponse messageId:4 stepValueResponse:<stepValue:<stepValue:"And I check the promotions with name {} has a description and the description contains {}" parameterizedStepValue:"And I check the promotions with name <promotionName> has a description and the description contains <ex>" parameters:"promotionName" parameters:"ex" > > 
18:07:10.140 Api Request Received: messageType:GetStepValueRequest messageId:4 stepValueRequest:<stepText:"And I check the promotions with name <promotionName> has a description and the description contains <expec>" > 
18:07:10.140 Sending API response: messageType:GetStepValueResponse messageId:4 stepValueResponse:<stepValue:<stepValue:"And I check the promotions with name {} has a description and the description contains {}" parameterizedStepValue:"And I check the promotions with name <promotionName> has a description and the description contains <expec>" parameters:"promotionName" parameters:"expec" > > 
18:07:10.702 Api Request Received: messageType:GetStepValueRequest messageId:4 stepValueRequest:<stepText:"And I check the promotions with name <promotionName> has a description and the description contains <expected>" > 
18:07:10.702 Sending API response: messageType:GetStepValueResponse messageId:4 stepValueResponse:<stepValue:<stepValue:"And I check the promotions with name {} has a description and the description contains {}" parameterizedStepValue:"And I check the promotions with name <promotionName> has a description and the description contains <expected>" parameters:"promotionName" parameters:"expected" > > 
18:07:12.309 Api Request Received: messageType:GetStepValueRequest messageId:4 stepValueRequest:<stepText:"And I check the promotions with name <promotionName> has a description and the description contains <expectedValue>" > 
18:07:12.309 Sending API response: messageType:GetStepValueResponse messageId:4 stepValueResponse:<stepValue:<stepValue:"And I check the promotions with name {} has a description and the description contains {}" parameterizedStepValue:"And I check the promotions with name <promotionName> has a description and the description contains <expectedValue>" parameters:"promotionName" parameters:"expectedValue" > > 
18:07:12.309 Api Request Received: messageType:GetStepValueRequest messageId:4 stepValueRequest:<stepText:"And I check the promotions with name <promotionName> has a description and the description contains <expectedValue>" > 
18:07:12.309 Sending API response: messageType:GetStepValueResponse messageId:4 stepValueResponse:<stepValue:<stepValue:"And I check the promotions with name {} has a description and the description contains {}" parameterizedStepValue:"And I check the promotions with name <promotionName> has a description and the description contains <expectedValue>" parameters:"promotionName" parameters:"expectedValue" > > 
18:07:12.681 Api Request Received: messageType:GetStepValueRequest messageId:4 stepValueRequest:<stepText:"And I check the promotions with name <promotionName> has a description and the description contains <expectedValueIn>" > 
18:07:12.681 Sending API response: messageType:GetStepValueResponse messageId:4 stepValueResponse:<stepValue:<stepValue:"And I check the promotions with name {} has a description and the description contains {}" parameterizedStepValue:"And I check the promotions with name <promotionName> has a description and the description contains <expectedValueIn>" parameters:"promotionName" parameters:"expectedValueIn" > > 
18:07:13.551 Api Request Received: messageType:GetStepValueRequest messageId:4 stepValueRequest:<stepText:"And I check the promotions with name <promotionName> has a description and the description contains <expectedValueInDe>" > 
18:07:13.552 Sending API response: messageType:GetStepValueResponse messageId:4 stepValueResponse:<stepValue:<stepValue:"And I check the promotions with name {} has a description and the description contains {}" parameterizedStepValue:"And I check the promotions with name <promotionName> has a description and the description contains <expectedValueInDe>" parameters:"promotionName" parameters:"expectedValueInDe" > > 
18:07:14.009 Api Request Received: messageType:GetStepValueRequest messageId:4 stepValueRequest:<stepText:"And I check the promotions with name <promotionName> has a description and the description contains <expectedValueInDesc>" > 
18:07:14.009 Sending API response: messageType:GetStepValueResponse messageId:4 stepValueResponse:<stepValue:<stepValue:"And I check the promotions with name {} has a description and the description contains {}" parameterizedStepValue:"And I check the promotions with name <promotionName> has a description and the description contains <expectedValueInDesc>" parameters:"promotionName" parameters:"expectedValueInDesc" > > 
18:07:14.389 Api Request Received: messageType:GetStepValueRequest messageId:4 stepValueRequest:<stepText:"And I check the promotions with name <promotionName> has a description and the description contains <expectedValueInDescri>" > 
18:07:14.389 Sending API response: messageType:GetStepValueResponse messageId:4 stepValueResponse:<stepValue:<stepValue:"And I check the promotions with name {} has a description and the description contains {}" parameterizedStepValue:"And I check the promotions with name <promotionName> has a description and the description contains <expectedValueInDescri>" parameters:"promotionName" parameters:"expectedValueInDescri" > > 
18:07:14.791 Api Request Received: messageType:GetStepValueRequest messageId:4 stepValueRequest:<stepText:"And I check the promotions with name <promotionName> has a description and the description contains <expectedValueInDescripti>" > 
18:07:14.792 Sending API response: messageType:GetStepValueResponse messageId:4 stepValueResponse:<stepValue:<stepValue:"And I check the promotions with name {} has a description and the description contains {}" parameterizedStepValue:"And I check the promotions with name <promotionName> has a description and the description contains <expectedValueInDescripti>" parameters:"promotionName" parameters:"expectedValueInDescripti" > > 
18:07:15.208 Api Request Received: messageType:GetStepValueRequest messageId:4 stepValueRequest:<stepText:"And I check the promotions with name <promotionName> has a description and the description contains <expectedValueInDescription>" > 
18:07:15.208 Sending API response: messageType:GetStepValueResponse messageId:4 stepValueResponse:<stepValue:<stepValue:"And I check the promotions with name {} has a description and the description contains {}" parameterizedStepValue:"And I check the promotions with name <promotionName> has a description and the description contains <expectedValueInDescription>" parameters:"promotionName" parameters:"expectedValueInDescription" > > 
18:08:32.823 Spec file removed: /Users/nagendraa/git1/guruland/tests/AssurityProject/specs/AssurityTest.spec
18:08:32.823 Spec file added / modified: /Users/nagendraa/git1/guruland/tests/AssurityProject/specs/AssurityTest.spec
18:09:04.326 Spec file removed: /Users/nagendraa/git1/guruland/tests/AssurityProject/specs/AssurityTest.spec
18:09:04.326 Spec file added / modified: /Users/nagendraa/git1/guruland/tests/AssurityProject/specs/AssurityTest.spec
20:40:27.686 Spec file removed: /Users/nagendraa/git1/guruland/tests/AssurityProject/specs/example.spec
20:41:25.569 Spec file removed: /Users/nagendraa/git1/guruland/tests/AssurityProject/specs/AssurityTest.spec
20:41:25.569 Spec file added / modified: /Users/nagendraa/git1/guruland/tests/AssurityProject/specs/AssurityTest.spec
20:41:57.215 Api Request Received: messageType:GetStepValueRequest messageId:4 stepValueRequest:<stepText:"I make a call to <Base_Url> with endpoint <API_EndPoint>" > 
20:41:57.215 Sending API response: messageType:GetStepValueResponse messageId:4 stepValueResponse:<stepValue:<stepValue:"I make a call to {} with endpoint {}" parameterizedStepValue:"I make a call to <Base_Url> with endpoint <API_EndPoint>" parameters:"Base_Url" parameters:"API_EndPoint" > > 
20:41:57.911 Spec file removed: /Users/nagendraa/git1/guruland/tests/AssurityProject/specs/AssurityTest.spec
20:41:57.911 Spec file added / modified: /Users/nagendraa/git1/guruland/tests/AssurityProject/specs/AssurityTest.spec
20:45:25.663 Api Request Received: messageType:GetStepValueRequest messageId:4 stepValueRequest:<stepText:"Then I see the attribute \"Name\" is \"Carbon credits\" \"\"" > 
20:45:25.663 Sending API response: messageType:GetStepValueResponse messageId:4 stepValueResponse:<stepValue:<stepValue:"Then I see the attribute {} is {} {}" parameterizedStepValue:"Then I see the attribute <Name> is <Carbon credits> <>" parameters:"Name" parameters:"Carbon credits" parameters:"" > > 
20:45:26.888 Api Request Received: messageType:GetStepValueRequest messageId:4 stepValueRequest:<stepText:"Then I see the attribute \"Name\" is \"Carbon credits\" \"Strin\"" > 
20:45:26.888 Sending API response: messageType:GetStepValueResponse messageId:4 stepValueResponse:<stepValue:<stepValue:"Then I see the attribute {} is {} {}" parameterizedStepValue:"Then I see the attribute <Name> is <Carbon credits> <Strin>" parameters:"Name" parameters:"Carbon credits" parameters:"Strin" > > 
20:45:27.232 Api Request Received: messageType:GetStepValueRequest messageId:4 stepValueRequest:<stepText:"Then I see the attribute \"Name\" is \"Carbon credits\" \"String\"" > 
20:45:27.232 Sending API response: messageType:GetStepValueResponse messageId:4 stepValueResponse:<stepValue:<stepValue:"Then I see the attribute {} is {} {}" parameterizedStepValue:"Then I see the attribute <Name> is <Carbon credits> <String>" parameters:"Name" parameters:"Carbon credits" parameters:"String" > > 
20:46:02.588 Api Request Received: messageType:GetStepValueRequest messageId:4 stepValueRequest:<stepText:"Then I see the attribute \"Name\" is \"Carbon credits\" \"Stri" > 
20:46:02.588 Sending API response: messageType:ErrorResponse messageId:4 error:<error:"String not terminated" > 
20:46:02.589 Api Request Received: messageType:GetStepValueRequest messageId:4 stepValueRequest:<stepText:"Then I see the attribute \"Name\" is \"Carbon credits\" \"Stri" > 
20:46:02.589 Sending API response: messageType:ErrorResponse messageId:4 error:<error:"String not terminated" > 
20:46:02.598 Api Request Received: messageType:GetStepValueRequest messageId:4 stepValueRequest:<stepText:"Then I see the attribute \"Name\" is \"Carbon credits\" \"Stri" > 
20:46:02.598 Sending API response: messageType:ErrorResponse messageId:4 error:<error:"String not terminated" > 
20:46:02.603 Api Request Received: messageType:GetStepValueRequest messageId:4 stepValueRequest:<stepText:"Then I see the attribute \"Name\" is \"Carbon credits\" \"Stri" > 
20:46:02.604 Sending API response: messageType:ErrorResponse messageId:4 error:<error:"String not terminated" > 
20:46:02.607 Api Request Received: messageType:GetStepValueRequest messageId:4 stepValueRequest:<stepText:"Then I see the attribute \"Name\" is \"Carbon credits\" \"Stri" > 
20:46:02.607 Sending API response: messageType:ErrorResponse messageId:4 error:<error:"String not terminated" > 
20:46:02.712 Api Request Received: messageType:GetStepValueRequest messageId:4 stepValueRequest:<stepText:"Then I see the attribute \"Name\" is \"Carbon credits\" \"Stri" > 
20:46:02.712 Sending API response: messageType:ErrorResponse messageId:4 error:<error:"String not terminated" > 
20:46:02.714 Api Request Received: messageType:GetStepValueRequest messageId:4 stepValueRequest:<stepText:"Then I see the attribute \"Name\" is \"Carbon credits\" \"Stri" > 
20:46:02.714 Sending API response: messageType:ErrorResponse messageId:4 error:<error:"String not terminated" > 
20:46:03.122 Api Request Received: messageType:GetStepValueRequest messageId:4 stepValueRequest:<stepText:"Then I see the attribute \"Name\" is \"Carbon credits\" \"St" > 
20:46:03.123 Sending API response: messageType:ErrorResponse messageId:4 error:<error:"String not terminated" > 
20:46:03.124 Api Request Received: messageType:GetStepValueRequest messageId:4 stepValueRequest:<stepText:"Then I see the attribute \"Name\" is \"Carbon credits\" \"St" > 
20:46:03.124 Sending API response: messageType:ErrorResponse messageId:4 error:<error:"String not terminated" > 
20:46:03.124 Api Request Received: messageType:GetStepValueRequest messageId:4 stepValueRequest:<stepText:"Then I see the attribute \"Name\" is \"Carbon credits\" \"St" > 
20:46:03.124 Sending API response: messageType:ErrorResponse messageId:4 error:<error:"String not terminated" > 
20:46:03.127 Api Request Received: messageType:GetStepValueRequest messageId:4 stepValueRequest:<stepText:"Then I see the attribute \"Name\" is \"Carbon credits\" \"St" > 
20:46:03.127 Sending API response: messageType:ErrorResponse messageId:4 error:<error:"String not terminated" > 
20:46:03.128 Api Request Received: messageType:GetStepValueRequest messageId:4 stepValueRequest:<stepText:"Then I see the attribute \"Name\" is \"Carbon credits\" \"St" > 
20:46:03.128 Sending API response: messageType:ErrorResponse messageId:4 error:<error:"String not terminated" > 
20:49:11.778 Spec file removed: /Users/nagendraa/git1/guruland/tests/AssurityProject/specs/AssurityTest.spec
20:49:11.778 Spec file added / modified: /Users/nagendraa/git1/guruland/tests/AssurityProject/specs/AssurityTest.spec
20:53:51.418 Spec file removed: /Users/nagendraa/git1/guruland/tests/AssurityProject/specs/AssurityTest.spec
20:53:51.418 Spec file added / modified: /Users/nagendraa/git1/guruland/tests/AssurityProject/specs/AssurityTest.spec
sponse:<stepValue:<stepValue:"When I found the API is working well with out any error" parameterizedStepValue:"When I found the API is working well with out any error" > > 
17:36:15.544 Api Request Received: messageType:GetStepValueRequest messageId:4 stepValueRequest:<stepText:"And I check the promotions with name <Gallery> has a description and the description contains <2x larger image>" > 
17:36:15.545 Sending API response: messageType:GetStepValueResponse messageId:4 stepValueResponse:<stepValue:<stepValue:"And I check the promotions with name {} has a description and the description contains {}" parameterizedStepValue:"And I check the promotions with name <Gallery> has a description and the description contains <2x larger image>" parameters:"Gallery" parameters:"2x larger image" > > 
17:36:15.563 Api Request Received: messageType:GetStepValueRequest messageId:4 stepValueRequest:<stepText:"Then I see the attribute <category name> is <Carbon credits>" > 
17:36:15.563 Sending API response: messageType:GetStepValueResponse messageId:4 stepValueResponse:<stepValue:<stepValue:"Then I see the attribute {} is {}" parameterizedStepValue:"Then I see the attribute <category name> is <Carbon credits>" parameters:"category name" parameters:"Carbon credits" > > 
17:36:15.566 Api Request Received: messageType:GetStepValueRequest messageId:4 stepValueRequest:<stepText:"And I see the attribute <canRelist> is <true>" > 
17:36:15.566 Sending API response: messageType:GetStepValueResponse messageId:4 stepValueResponse:<stepValue:<stepValue:"And I see the attribute {} is {}" parameterizedStepValue:"And I see the attribute <canRelist> is <true>" parameters:"canRelist" parameters:"true" > > 
17:36:15.566 Api Request Received: messageType:GetStepValueRequest messageId:4 stepValueRequest:<stepText:"I make a call to <API_Name> with endpoint <API_EndPoint>" > 
17:36:15.567 Sending API response: messageType:GetStepValueResponse messageId:4 stepValueResponse:<stepValue:<stepValue:"I make a call to {} with endpoint {}" parameterizedStepValue:"I make a call to <API_Name> with endpoint <API_EndPoint>" parameters:"API_Name" parameters:"API_EndPoint" > > 
17:36:15.567 Api Request Received: messageType:GetStepValueRequest messageId:4 stepValueRequest:<stepText:"When I found the API is working well with out any error" > 
17:36:15.567 Sending API response: messageType:GetStepValueResponse messageId:4 stepValueResponse:<stepValue:<stepValue:"When I found the API is working well with out any error" parameterizedStepValue:"When I found the API is working well with out any error" > > 
17:38:44.326 Api Request Received: messageType:GetStepValueRequest messageId:4 stepValueRequest:<stepText:"And I check the promotions with name <Gallery> has a description and the description contains <2x larger image>" > 
17:38:44.326 Sending API response: messageType:GetStepValueResponse messageId:4 stepValueResponse:<stepValue:<stepValue:"And I check the promotions with name {} has a description and the description contains {}" parameterizedStepValue:"And I check the promotions with name <Gallery> has a description and the description contains <2x larger image>" parameters:"Gallery" parameters:"2x larger image" > > 
17:38:44.338 Api Request Received: messageType:GetStepValueRequest messageId:4 stepValueRequest:<stepText:"Then I see the attribute <category name> is <Carbon credits>" > 
17:38:44.338 Sending API response: messageType:GetStepValueResponse messageId:4 stepValueResponse:<stepValue:<stepValue:"Then I see the attribute {} is {}" parameterizedStepValue:"Then I see the attribute <category name> is <Carbon credits>" parameters:"category name" parameters:"Carbon credits" > > 
17:38:44.339 Api Request Received: messageType:GetStepValueRequest messageId:4 stepValueRequest:<stepText:"And I see the attribute <canRelist> is <true>" > 
17:38:44.339 Sending API response: messageType:GetStepValueResponse messageId:4 stepValueResponse:<stepValue:<stepValue:"And I see the attribute {} is {}" parameterizedStepValue:"And I see the attribute <canRelist> is <true>" parameters:"canRelist" parameters:"true" > > 
17:38:44.340 Api Request Received: messageType:GetStepValueRequest messageId:4 stepValueRequest:<stepText:"I make a call to <API_Name> with endpoint <API_EndPoint>" > 
17:38:44.340 Sending API response: messageType:GetStepValueResponse messageId:4 stepValueResponse:<stepValue:<stepValue:"I make a call to {} with endpoint {}" parameterizedStepValue:"I make a call to <API_Name> with endpoint <API_EndPoint>" parameters:"API_Name" parameters:"API_EndPoint" > > 
17:38:44.340 Api Request Received: messageType:GetStepValueRequest messageId:4 stepValueRequest:<stepText:"When I found the API is working well with out any error" > 
17:38:44.340 Sending API response: messageType:GetStepValueResponse messageId:4 stepValueResponse:<stepValue:<stepValue:"When I found the API is working well with out any error" parameterizedStepValue:"When I found the API is working well with out any error" > > 
17:39:14.894 Api Request Received: messageType:GetStepValueRequest messageId:4 stepValueRequest:<stepText:"And I check the promotions with name <Gallery> has a description and the description contains <2x larger image>" > 
17:39:14.895 Sending API response: messageType:GetStepValueResponse messageId:4 stepValueResponse:<stepValue:<stepValue:"And I check the promotions with name {} has a description and the description contains {}" parameterizedStepValue:"And I check the promotions with name <Gallery> has a description and the description contains <2x larger image>" parameters:"Gallery" parameters:"2x larger image" > > 
17:39:14.919 Api Request Received: messageType:GetStepValueRequest messageId:4 stepValueRequest:<stepText:"Then I see the attribute <category name> is <Carbon credits>" > 
17:39:14.920 Sending API response: messageType:GetStepValueResponse messageId:4 stepValueResponse:<stepValue:<stepValue:"Then I see the attribute {} is {}" parameterizedStepValue:"Then I see the attribute <category name> is <Carbon credits>" parameters:"category name" parameters:"Carbon credits" > > 
17:39:14.921 Api Request Received: messageType:GetStepValueRequest messageId:4 stepValueRequest:<stepText:"And I see the attribute <canRelist> is <true>" > 
17:39:14.921 Sending API response: messageType:GetStepValueResponse messageId:4 stepValueResponse:<stepValue:<stepValue:"And I see the attribute {} is {}" parameterizedStepValue:"And I see the attribute <canRelist> is <true>" parameters:"canRelist" parameters:"true" > > 
17:39:14.922 Api Request Received: messageType:GetStepValueRequest messageId:4 stepValueRequest:<stepText:"I make a call to <API_Name> with endpoint <API_EndPoint>" > 
17:39:14.922 Sending API response: messageType:GetStepValueResponse messageId:4 stepValueResponse:<stepValue:<stepValue:"I make a call to {} with endpoint {}" parameterizedStepValue:"I make a call to <API_Name> with endpoint <API_EndPoint>" parameters:"API_Name" parameters:"API_EndPoint" > > 
17:39:14.923 Api Request Received: messageType:GetStepValueRequest messageId:4 stepValueRequest:<stepText:"When I found the API is working well with out any error" > 
17:39:14.923 Sending API response: messageType:GetStepValueResponse messageId:4 stepValueResponse:<stepValue:<stepValue:"When I found the API is working well with out any error" parameterizedStepValue:"When I found the API is working well with out any error" > > 
17:46:58.150 Api Request Received: messageType:GetStepValueRequest messageId:4 stepValueRequest:<stepText:"And I check the promotions with name <Gallery> has a description and the description contains <2x larger image>" > 
17:46:58.151 Sending API response: messageType:GetStepValueResponse messageId:4 stepValueResponse:<stepValue:<stepValue:"And I check the promotions with name {} has a description and the description contains {}" parameterizedStepValue:"And I check the promotions with name <Gallery> has a description and the description contains <2x larger image>" parameters:"Gallery" parameters:"2x larger image" > > 
17:46:58.170 Api Request Received: messageType:GetStepValueRequest messageId:4 stepValueRequest:<stepText:"Then I see the attribute <category name> is <Carbon credits>" > 
17:46:58.170 Sending API response: messageType:GetStepValueResponse messageId:4 stepValueResponse:<stepValue:<stepValue:"Then I see the attribute {} is {}" parameterizedStepValue:"Then I see the attribute <category name> is <Carbon credits>" parameters:"category name" parameters:"Carbon credits" > > 
17:46:58.170 Api Request Received: messageType:GetStepValueRequest messageId:4 stepValueRequest:<stepText:"And I see the attribute <canRelist> is <true>" > 
17:46:58.171 Sending API response: messageType:GetStepValueResponse messageId:4 stepValueResponse:<stepValue:<stepValue:"And I see the attribute {} is {}" parameterizedStepValue:"And I see the attribute <canRelist> is <true>" parameters:"canRelist" parameters:"true" > > 
17:46:58.171 Api Request Received: messageType:GetStepValueRequest messageId:4 stepValueRequest:<stepText:"I make a call to <API_Name> with endpoint <API_EndPoint>" > 
17:46:58.171 Sending API response: messageType:GetStepValueResponse messageId:4 stepValueResponse:<stepValue:<stepValue:"I make a call to {} with endpoint {}" parameterizedStepValue:"I make a call to <API_Name> with endpoint <API_EndPoint>" parameters:"API_Name" parameters:"API_EndPoint" > > 
17:46:58.172 Api Request Received: messageType:GetStepValueRequest messageId:4 stepValueRequest:<stepText:"When I found the API is working well with out any error" > 
17:46:58.172 Sending API response: messageType:GetStepValueResponse messageId:4 stepValueResponse:<stepValue:<stepValue:"When I found the API is working well with out any error" parameterizedStepValue:"When I found the API is working well with out any error" > > 
18:05:23.996 Api Request Received: messageType:GetStepValueRequest messageId:4 stepValueRequest:<stepText:"And I check the promotions with name <Gallery> has a description and the description contains <2x larger image>" > 
18:05:23.997 Sending API response: messageType:GetStepValueResponse messageId:4 stepValueResponse:<stepValue:<stepValue:"And I check the promotions with name {} has a description and the description contains {}" parameterizedStepValue:"And I check the promotions with name <Gallery> has a description and the description contains <2x larger image>" parameters:"Gallery" parameters:"2x larger image" > > 
18:05:24.009 Api Request Received: messageType:GetStepValueRequest messageId:4 stepValueRequest:<stepText:"Then I see the attribute <category name> is <Carbon credits>" > 
18:05:24.009 Sending API response: messageType:GetStepValueResponse messageId:4 stepValueResponse:<stepValue:<stepValue:"Then I see the attribute {} is {}" parameterizedStepValue:"Then I see the attribute <category name> is <Carbon credits>" parameters:"category name" parameters:"Carbon credits" > > 
18:05:24.010 Api Request Received: messageType:GetStepValueRequest messageId:4 stepValueRequest:<stepText:"And I see the attribute <canRelist> is <true>" > 
18:05:24.010 Sending API response: messageType:GetStepValueResponse messageId:4 stepValueResponse:<stepValue:<stepValue:"And I see the attribute {} is {}" parameterizedStepValue:"And I see the attribute <canRelist> is <true>" parameters:"canRelist" parameters:"true" > > 
18:05:24.010 Api Request Received: messageType:GetStepValueRequest messageId:4 stepValueRequest:<stepText:"I make a call to <API_Name> with endpoint <API_EndPoint>" > 
18:05:24.010 Sending API response: messageType:GetStepValueResponse messageId:4 stepValueResponse:<stepValue:<stepValue:"I make a call to {} with endpoint {}" parameterizedStepValue:"I make a call to <API_Name> with endpoint <API_EndPoint>" parameters:"API_Name" parameters:"API_EndPoint" > > 
18:05:24.011 Api Request Received: messageType:GetStepValueRequest messageId:4 stepValueRequest:<stepText:"When I found the API is working well with out any error" > 
18:05:24.011 Sending API response: messageType:GetStepValueResponse messageId:4 stepValueResponse:<stepValue:<stepValue:"When I found the API is working well with out any error" parameterizedStepValue:"When I found the API is working well with out any error" > > 
18:06:34.082 Api Request Received: messageType:GetStepValueRequest messageId:4 stepValueRequest:<stepText:"And I check the promotions with name <Gallery> has a description and the description contains <2x larger image>" > 
18:06:34.083 Sending API response: messageType:GetStepValueResponse messageId:4 stepValueResponse:<stepValue:<stepValue:"And I check the promotions with name {} has a description and the description contains {}" parameterizedStepValue:"And I check the promotions with name <Gallery> has a description and the description contains <2x larger image>" parameters:"Gallery" parameters:"2x larger image" > > 
18:06:34.103 Api Request Received: messageType:GetStepValueRequest messageId:4 stepValueRequest:<stepText:"Then I see the attribute <category name> is <Carbon credits>" > 
18:06:34.103 Sending API response: messageType:GetStepValueResponse messageId:4 stepValueResponse:<stepValue:<stepValue:"Then I see the attribute {} is {}" parameterizedStepValue:"Then I see the attribute <category name> is <Carbon credits>" parameters:"category name" parameters:"Carbon credits" > > 
18:06:34.105 Api Request Received: messageType:GetStepValueRequest messageId:4 stepValueRequest:<stepText:"And I see the attribute <canRelist> is <true>" > 
18:06:34.105 Sending API response: messageType:GetStepValueResponse messageId:4 stepValueResponse:<stepValue:<stepValue:"And I see the attribute {} is {}" parameterizedStepValue:"And I see the attribute <canRelist> is <true>" parameters:"canRelist" parameters:"true" > > 
18:06:34.106 Api Request Received: messageType:GetStepValueRequest messageId:4 stepValueRequest:<stepText:"I make a call to <API_Name> with endpoint <API_EndPoint>" > 
18:06:34.106 Sending API response: messageType:GetStepValueResponse messageId:4 stepValueResponse:<stepValue:<stepValue:"I make a call to {} with endpoint {}" parameterizedStepValue:"I make a call to <API_Name> with endpoint <API_EndPoint>" parameters:"API_Name" parameters:"API_EndPoint" > > 
18:06:34.106 Api Request Received: messageType:GetStepValueRequest messageId:4 stepValueRequest:<stepText:"When I found the API is working well with out any error" > 
18:06:34.107 Sending API response: messageType:GetStepValueResponse messageId:4 stepValueResponse:<stepValue:<stepValue:"When I found the API is working well with out any error" parameterizedStepValue:"When I found the API is working well with out any error" > > 
18:08:44.394 Api Request Received: messageType:GetStepValueRequest messageId:4 stepValueRequest:<stepText:"And I check the promotions with name <promotionName> has a description and the description contains <expectedValueInDescription>" > 
18:08:44.394 Sending API response: messageType:GetStepValueResponse messageId:4 stepValueResponse:<stepValue:<stepValue:"And I check the promotions with name {} has a description and the description contains {}" parameterizedStepValue:"And I check the promotions with name <promotionName> has a description and the description contains <expectedValueInDescription>" parameters:"promotionName" parameters:"expectedValueInDescription" > > 
18:08:44.407 Api Request Received: messageType:GetStepValueRequest messageId:4 stepValueRequest:<stepText:"Then I see the attribute <Attribute> is <value>" > 
18:08:44.407 Sending API response: messageType:GetStepValueResponse messageId:4 stepValueResponse:<stepValue:<stepValue:"Then I see the attribute {} is {}" parameterizedStepValue:"Then I see the attribute <Attribute> is <value>" parameters:"Attribute" parameters:"value" > > 
18:08:44.408 Api Request Received: messageType:GetStepValueRequest messageId:4 stepValueRequest:<stepText:"And I see the attribute <Attribute> is <value>" > 
18:08:44.408 Sending API response: messageType:GetStepValueResponse messageId:4 stepValueResponse:<stepValue:<stepValue:"And I see the attribute {} is {}" parameterizedStepValue:"And I see the attribute <Attribute> is <value>" parameters:"Attribute" parameters:"value" > > 
18:08:44.409 Api Request Received: messageType:GetStepValueRequest messageId:4 stepValueRequest:<stepText:"I make a call to <API_Name> with endpoint <API_EndPoint>" > 
18:08:44.409 Sending API response: messageType:GetStepValueResponse messageId:4 stepValueResponse:<stepValue:<stepValue:"I make a call to {} with endpoint {}" parameterizedStepValue:"I make a call to <API_Name> with endpoint <API_EndPoint>" parameters:"API_Name" parameters:"API_EndPoint" > > 
18:08:44.409 Api Request Received: messageType:GetStepValueRequest messageId:4 stepValueRequest:<stepText:"When I found the API is working well with out any error" > 
18:08:44.409 Sending API response: messageType:GetStepValueResponse messageId:4 stepValueResponse:<stepValue:<stepValue:"When I found the API is working well with out any error" parameterizedStepValue:"When I found the API is working well with out any error" > > 
18:10:30.648 Api Request Received: messageType:GetStepValueRequest messageId:4 stepValueRequest:<stepText:"And I check the promotions with name <promotionName> has a description and the description contains <expectedValueInDescription>" > 
18:10:30.649 Sending API response: messageType:GetStepValueResponse messageId:4 stepValueResponse:<stepValue:<stepValue:"And I check the promotions with name {} has a description and the description contains {}" parameterizedStepValue:"And I check the promotions with name <promotionName> has a description and the description contains <expectedValueInDescription>" parameters:"promotionName" parameters:"expectedValueInDescription" > > 
18:10:30.679 Api Request Received: messageType:GetStepValueRequest messageId:4 stepValueRequest:<stepText:"Then I see the attribute <Attribute> is <value>" > 
18:10:30.688 Sending API response: messageType:GetStepValueResponse messageId:4 stepValueResponse:<stepValue:<stepValue:"Then I see the attribute {} is {}" parameterizedStepValue:"Then I see the attribute <Attribute> is <value>" parameters:"Attribute" parameters:"value" > > 
18:10:30.689 Api Request Received: messageType:GetStepValueRequest messageId:4 stepValueRequest:<stepText:"And I see the attribute <Attribute> is <value>" > 
18:10:30.689 Sending API response: messageType:GetStepValueResponse messageId:4 stepValueResponse:<stepValue:<stepValue:"And I see the attribute {} is {}" parameterizedStepValue:"And I see the attribute <Attribute> is <value>" parameters:"Attribute" parameters:"value" > > 
18:10:30.690 Api Request Received: messageType:GetStepValueRequest messageId:4 stepValueRequest:<stepText:"I make a call to <API_Name> with endpoint <API_EndPoint>" > 
18:10:30.690 Sending API response: messageType:GetStepValueResponse messageId:4 stepValueResponse:<stepValue:<stepValue:"I make a call to {} with endpoint {}" parameterizedStepValue:"I make a call to <API_Name> with endpoint <API_EndPoint>" parameters:"API_Name" parameters:"API_EndPoint" > > 
18:10:30.690 Api Request Received: messageType:GetStepValueRequest messageId:4 stepValueRequest:<stepText:"When I found the API is working well with out any error" > 
18:10:30.690 Sending API response: messageType:GetStepValueResponse messageId:4 stepValueResponse:<stepValue:<stepValue:"When I found the API is working well with out any error" parameterizedStepValue:"When I found the API is working well with out any error" > > 
20:40:45.575 Api Request Received: messageType:GetStepValueRequest messageId:4 stepValueRequest:<stepText:"And I check the promotions with name <promotionName> has a description and the description contains <expectedValueInDescription>" > 
20:40:45.575 Sending API response: messageType:GetStepValueResponse messageId:4 stepValueResponse:<stepValue:<stepValue:"And I check the promotions with name {} has a description and the description contains {}" parameterizedStepValue:"And I check the promotions with name <promotionName> has a description and the description contains <expectedValueInDescription>" parameters:"promotionName" parameters:"expectedValueInDescription" > > 
20:40:45.592 Api Request Received: messageType:GetStepValueRequest messageId:4 stepValueRequest:<stepText:"Then I see the attribute <Attribute> is <value>" > 
20:40:45.592 Sending API response: messageType:GetStepValueResponse messageId:4 stepValueResponse:<stepValue:<stepValue:"Then I see the attribute {} is {}" parameterizedStepValue:"Then I see the attribute <Attribute> is <value>" parameters:"Attribute" parameters:"value" > > 
20:40:45.593 Api Request Received: messageType:GetStepValueRequest messageId:4 stepValueRequest:<stepText:"And I see the attribute <Attribute> is <value>" > 
20:40:45.594 Sending API response: messageType:GetStepValueResponse messageId:4 stepValueResponse:<stepValue:<stepValue:"And I see the attribute {} is {}" parameterizedStepValue:"And I see the attribute <Attribute> is <value>" parameters:"Attribute" parameters:"value" > > 
20:40:45.594 Api Request Received: messageType:GetStepValueRequest messageId:4 stepValueRequest:<stepText:"I make a call to <API_Name> with endpoint <API_EndPoint>" > 
20:40:45.594 Sending API response: messageType:GetStepValueResponse messageId:4 stepValueResponse:<stepValue:<stepValue:"I make a call to {} with endpoint {}" parameterizedStepValue:"I make a call to <API_Name> with endpoint <API_EndPoint>" parameters:"API_Name" parameters:"API_EndPoint" > > 
20:40:45.595 Api Request Received: messageType:GetStepValueRequest messageId:4 stepValueRequest:<stepText:"When I found the API is working well with out any error" > 
20:40:45.595 Sending API response: messageType:GetStepValueResponse messageId:4 stepValueResponse:<stepValue:<stepValue:"When I found the API is working well with out any error" parameterizedStepValue:"When I found the API is working well with out any error" > > 
20:42:13.659 Api Request Received: messageType:GetStepValueRequest messageId:4 stepValueRequest:<stepText:"And I check the promotions with name <promotionName> has a description and the description contains <expectedValueInDescription>" > 
20:42:13.659 Sending API response: messageType:GetStepValueResponse messageId:4 stepValueResponse:<stepValue:<stepValue:"And I check the promotions with name {} has a description and the description contains {}" parameterizedStepValue:"And I check the promotions with name <promotionName> has a description and the description contains <expectedValueInDescription>" parameters:"promotionName" parameters:"expectedValueInDescription" > > 
20:42:13.679 Api Request Received: messageType:GetStepValueRequest messageId:4 stepValueRequest:<stepText:"Then I see the attribute <Attribute> is <value>" > 
20:42:13.679 Sending API response: messageType:GetStepValueResponse messageId:4 stepValueResponse:<stepValue:<stepValue:"Then I see the attribute {} is {}" parameterizedStepValue:"Then I see the attribute <Attribute> is <value>" parameters:"Attribute" parameters:"value" > > 
20:42:13.680 Api Request Received: messageType:GetStepValueRequest messageId:4 stepValueRequest:<stepText:"And I see the attribute <Attribute> is <value>" > 
20:42:13.680 Sending API response: messageType:GetStepValueResponse messageId:4 stepValueResponse:<stepValue:<stepValue:"And I see the attribute {} is {}" parameterizedStepValue:"And I see the attribute <Attribute> is <value>" parameters:"Attribute" parameters:"value" > > 
20:42:13.680 Api Request Received: messageType:GetStepValueRequest messageId:4 stepValueRequest:<stepText:"I make a call to <API_Name> with endpoint <API_EndPoint>" > 
20:42:13.681 Sending API response: messageType:GetStepValueResponse messageId:4 stepValueResponse:<stepValue:<stepValue:"I make a call to {} with endpoint {}" parameterizedStepValue:"I make a call to <API_Name> with endpoint <API_EndPoint>" parameters:"API_Name" parameters:"API_EndPoint" > > 
20:42:13.681 Api Request Received: messageType:GetStepValueRequest messageId:4 stepValueRequest:<stepText:"When I found the API is working well with out any error" > 
20:42:13.681 Sending API response: messageType:GetStepValueResponse messageId:4 stepValueResponse:<stepValue:<stepValue:"When I found the API is working well with out any error" parameterizedStepValue:"When I found the API is working well with out any error" > > 
20:47:23.564 Api Request Received: messageType:GetStepValueRequest messageId:4 stepValueRequest:<stepText:"And I check the promotions with name <promotionName> has a description and the description contains <expectedValueInDescription>" > 
20:47:23.565 Sending API response: messageType:GetStepValueResponse messageId:4 stepValueResponse:<stepValue:<stepValue:"And I check the promotions with name {} has a description and the description contains {}" parameterizedStepValue:"And I check the promotions with name <promotionName> has a description and the description contains <expectedValueInDescription>" parameters:"promotionName" parameters:"expectedValueInDescription" > > 
20:47:23.581 Api Request Received: messageType:GetStepValueRequest messageId:4 stepValueRequest:<stepText:"Then I see the attribute <Attribute> is <value>" > 
20:47:23.581 Sending API response: messageType:GetStepValueResponse messageId:4 stepValueResponse:<stepValue:<stepValue:"Then I see the attribute {} is {}" parameterizedStepValue:"Then I see the attribute <Attribute> is <value>" parameters:"Attribute" parameters:"value" > > 
20:47:23.582 Api Request Received: messageType:GetStepValueRequest messageId:4 stepValueRequest:<stepText:"And I see the attribute <Attribute> is <value>" > 
20:47:23.582 Sending API response: messageType:GetStepValueResponse messageId:4 stepValueResponse:<stepValue:<stepValue:"And I see the attribute {} is {}" parameterizedStepValue:"And I see the attribute <Attribute> is <value>" parameters:"Attribute" parameters:"value" > > 
20:47:23.583 Api Request Received: messageType:GetStepValueRequest messageId:4 stepValueRequest:<stepText:"I make a call to <API_Name> with endpoint <API_EndPoint>" > 
20:47:23.583 Sending API response: messageType:GetStepValueResponse messageId:4 stepValueResponse:<stepValue:<stepValue:"I make a call to {} with endpoint {}" parameterizedStepValue:"I make a call to <API_Name> with endpoint <API_EndPoint>" parameters:"API_Name" parameters:"API_EndPoint" > > 
20:47:23.584 Api Request Received: messageType:GetStepValueRequest messageId:4 stepValueRequest:<stepText:"When I found the API is working well with out any error" > 
20:47:23.584 Sending API response: messageType:GetStepValueResponse messageId:4 stepValueResponse:<stepValue:<stepValue:"When I found the API is working well with out any error" parameterizedStepValue:"When I found the API is working well with out any error" > > 
20:54:36.180 Api Request Received: messageType:GetStepValueRequest messageId:4 stepValueRequest:<stepText:"And I check the promotions with name <promotionName> has a description and the description contains <expectedValueInDescription>" > 
20:54:36.180 Sending API response: messageType:GetStepValueResponse messageId:4 stepValueResponse:<stepValue:<stepValue:"And I check the promotions with name {} has a description and the description contains {}" parameterizedStepValue:"And I check the promotions with name <promotionName> has a description and the description contains <expectedValueInDescription>" parameters:"promotionName" parameters:"expectedValueInDescription" > > 
20:54:36.238 Api Request Received: messageType:GetStepValueRequest messageId:4 stepValueRequest:<stepText:"Then I see the attribute <Attribute> is <value>" > 
20:54:36.238 Sending API response: messageType:GetStepValueResponse messageId:4 stepValueResponse:<stepValue:<stepValue:"Then I see the attribute {} is {}" parameterizedStepValue:"Then I see the attribute <Attribute> is <value>" parameters:"Attribute" parameters:"value" > > 
20:54:36.239 Api Request Received: messageType:GetStepValueRequest messageId:4 stepValueRequest:<stepText:"And I see the attribute <Attribute> is <value>" > 
20:54:36.240 Sending API response: messageType:GetStepValueResponse messageId:4 stepValueResponse:<stepValue:<stepValue:"And I see the attribute {} is {}" parameterizedStepValue:"And I see the attribute <Attribute> is <value>" parameters:"Attribute" parameters:"value" > > 
20:54:36.242 Api Request Received: messageType:GetStepValueRequest messageId:4 stepValueRequest:<stepText:"I make a call to <API_Name> with endpoint <API_EndPoint>" > 
20:54:36.242 Sending API response: messageType:GetStepValueResponse messageId:4 stepValueResponse:<stepValue:<stepValue:"I make a call to {} with endpoint {}" parameterizedStepValue:"I make a call to <API_Name> with endpoint <API_EndPoint>" parameters:"API_Name" parameters:"API_EndPoint" > > 
20:54:36.243 Api Request Received: messageType:GetStepValueRequest messageId:4 stepValueRequest:<stepText:"When I found the API is working well with out any error" > 
20:54:36.243 Sending API response: messageType:GetStepValueResponse messageId:4 stepValueResponse:<stepValue:<stepValue:"When I found the API is working well with out any error" parameterizedStepValue:"When I found the API is working well with out any error" > > 
21:15:02.261 Api Request Received: messageType:GetStepValueRequest messageId:4 stepValueRequest:<stepText:"And I check the promotions with name <promotionName> has a description and the description contains <expectedValueInDescription>" > 
21:15:02.261 Sending API response: messageType:GetStepValueResponse messageId:4 stepValueResponse:<stepValue:<stepValue:"And I check the promotions with name {} has a description and the description contains {}" parameterizedStepValue:"And I check the promotions with name <promotionName> has a description and the description contains <expectedValueInDescription>" parameters:"promotionName" parameters:"expectedValueInDescription" > > 
21:15:02.275 Api Request Received: messageType:GetStepValueRequest messageId:4 stepValueRequest:<stepText:"Then I see the attribute <Attribute> is <value>" > 
21:15:02.275 Sending API response: messageType:GetStepValueResponse messageId:4 stepValueResponse:<stepValue:<stepValue:"Then I see the attribute {} is {}" parameterizedStepValue:"Then I see the attribute <Attribute> is <value>" parameters:"Attribute" parameters:"value" > > 
21:15:02.276 Api Request Received: messageType:GetStepValueRequest messageId:4 stepValueRequest:<stepText:"And I see the attribute <Attribute> is <value>" > 
21:15:02.276 Sending API response: messageType:GetStepValueResponse messageId:4 stepValueResponse:<stepValue:<stepValue:"And I see the attribute {} is {}" parameterizedStepValue:"And I see the attribute <Attribute> is <value>" parameters:"Attribute" parameters:"value" > > 
21:15:02.276 Api Request Received: messageType:GetStepValueRequest messageId:4 stepValueRequest:<stepText:"I make a call to <API_Name> with endpoint <API_EndPoint>" > 
21:15:02.276 Sending API response: messageType:GetStepValueResponse messageId:4 stepValueResponse:<stepValue:<stepValue:"I make a call to {} with endpoint {}" parameterizedStepValue:"I make a call to <API_Name> with endpoint <API_EndPoint>" parameters:"API_Name" parameters:"API_EndPoint" > > 
21:15:02.277 Api Request Received: messageType:GetStepValueRequest messageId:4 stepValueRequest:<stepText:"When I found the API is working well with out any error" > 
21:15:02.277 Sending API response: messageType:GetStepValueResponse messageId:4 stepValueResponse:<stepValue:<stepValue:"When I found the API is working well with out any error" parameterizedStepValue:"When I found the API is working well with out any error" > > 
21:16:04.148 Api Request Received: messageType:GetStepValueRequest messageId:4 stepValueRequest:<stepText:"And I check the promotions with name <promotionName> has a description and the description contains <expectedValueInDescription>" > 
21:16:04.149 Sending API response: messageType:GetStepValueResponse messageId:4 stepValueResponse:<stepValue:<stepValue:"And I check the promotions with name {} has a description and the description contains {}" parameterizedStepValue:"And I check the promotions with name <promotionName> has a description and the description contains <expectedValueInDescription>" parameters:"promotionName" parameters:"expectedValueInDescription" > > 
21:16:04.171 Api Request Received: messageType:GetStepValueRequest messageId:4 stepValueRequest:<stepText:"Then I see the attribute <Attribute> is <value>" > 
21:16:04.172 Sending API response: messageType:GetStepValueResponse messageId:4 stepValueResponse:<stepValue:<stepValue:"Then I see the attribute {} is {}" parameterizedStepValue:"Then I see the attribute <Attribute> is <value>" parameters:"Attribute" parameters:"value" > > 
21:16:04.174 Api Request Received: messageType:GetStepValueRequest messageId:4 stepValueRequest:<stepText:"And I see the attribute <Attribute> is <value>" > 
21:16:04.174 Sending API response: messageType:GetStepValueResponse messageId:4 stepValueResponse:<stepValue:<stepValue:"And I see the attribute {} is {}" parameterizedStepValue:"And I see the attribute <Attribute> is <value>" parameters:"Attribute" parameters:"value" > > 
21:16:04.175 Api Request Received: messageType:GetStepValueRequest messageId:4 stepValueRequest:<stepText:"I make a call to <API_Name> with endpoint <API_EndPoint>" > 
21:16:04.175 Sending API response: messageType:GetStepValueResponse messageId:4 stepValueResponse:<stepValue:<stepValue:"I make a call to {} with endpoint {}" parameterizedStepValue:"I make a call to <API_Name> with endpoint <API_EndPoint>" parameters:"API_Name" parameters:"API_EndPoint" > > 
21:16:04.175 Api Request Received: messageType:GetStepValueRequest messageId:4 stepValueRequest:<stepText:"When I found the API is working well with out any error" > 
21:16:04.176 Sending API response: messageType:GetStepValueResponse messageId:4 stepValueResponse:<stepValue:<stepValue:"When I found the API is working well with out any error" parameterizedStepValue:"When I found the API is working well with out any error" > > 
21:42:30.096 Watching directory: /Users/nagendraa/Nagendra/AssurityProject/specs
21:42:30.097 Initializing concepts cache with 0 concepts
21:42:30.103 Found 1 files
21:42:30.104 Initializing specs cache with 1 specs
21:42:30.104 Adding specs from /Users/nagendraa/Nagendra/AssurityProject/specs/AssurityTest.spec
21:42:30.104 Initializing steps cache with 1 steps
21:42:59.372 Api Request Received: messageType:GetStepValueRequest messageId:4 stepValueRequest:<stepText:"And I check the promotions with name <promotionName> has a description and the description contains <expectedValueInDescription>" > 
21:42:59.373 Sending API response: messageType:GetStepValueResponse messageId:4 stepValueResponse:<stepValue:<stepValue:"And I check the promotions with name {} has a description and the description contains {}" parameterizedStepValue:"And I check the promotions with name <promotionName> has a description and the description contains <expectedValueInDescription>" parameters:"promotionName" parameters:"expectedValueInDescription" > > 
21:42:59.386 Api Request Received: messageType:GetStepValueRequest messageId:4 stepValueRequest:<stepText:"Then I see the attribute <Attribute> is <value>" > 
21:42:59.387 Sending API response: messageType:GetStepValueResponse messageId:4 stepValueResponse:<stepValue:<stepValue:"Then I see the attribute {} is {}" parameterizedStepValue:"Then I see the attribute <Attribute> is <value>" parameters:"Attribute" parameters:"value" > > 
21:42:59.387 Api Request Received: messageType:GetStepValueRequest messageId:4 stepValueRequest:<stepText:"And I see the attribute <Attribute> is <value>" > 
21:42:59.388 Sending API response: messageType:GetStepValueResponse messageId:4 stepValueResponse:<stepValue:<stepValue:"And I see the attribute {} is {}" parameterizedStepValue:"And I see the attribute <Attribute> is <value>" parameters:"Attribute" parameters:"value" > > 
21:42:59.389 Api Request Received: messageType:GetStepValueRequest messageId:4 stepValueRequest:<stepText:"I make a call to <API_Name> with endpoint <API_EndPoint>" > 
21:42:59.389 Sending API response: messageType:GetStepValueResponse messageId:4 stepValueResponse:<stepValue:<stepValue:"I make a call to {} with endpoint {}" parameterizedStepValue:"I make a call to <API_Name> with endpoint <API_EndPoint>" parameters:"API_Name" parameters:"API_EndPoint" > > 
21:42:59.390 Api Request Received: messageType:GetStepValueRequest messageId:4 stepValueRequest:<stepText:"When I found the API is working well with out any error" > 
21:42:59.390 Sending API response: messageType:GetStepValueResponse messageId:4 stepValueResponse:<stepValue:<stepValue:"When I found the API is working well with out any error" parameterizedStepValue:"When I found the API is working well with out any error" > > 
